<?xml version="1.0" encoding="UTF-8"?>
<testng-results ignored="0" total="1" passed="1" failed="0" skipped="0">
  <reporter-output>
  </reporter-output>
  <suite started-at="2024-05-27T09:41:20 IST" name="Default suite" finished-at="2024-05-27T09:41:38 IST" duration-ms="17891">
    <groups>
    </groups>
    <test started-at="2024-05-27T09:41:20 IST" name="Default test" finished-at="2024-05-27T09:41:38 IST" duration-ms="17891">
      <class name="com.orangehrmtestcase.Testcase1">
        <test-method is-config="true" signature="open()[pri:0, instance:com.orangehrmtestcase.Testcase1@158da8e]" started-at="2024-05-27T09:41:20 IST" name="open" finished-at="2024-05-27T09:41:29 IST" duration-ms="8320" status="PASS">
          <reporter-output>
          </reporter-output>
        </test-method> <!-- open -->
        <test-method is-config="true" signature="Login()[pri:0, instance:com.orangehrmtestcase.Testcase1@158da8e]" started-at="2024-05-27T09:41:29 IST" name="Login" finished-at="2024-05-27T09:41:31 IST" duration-ms="2179" status="PASS">
          <reporter-output>
          </reporter-output>
        </test-method> <!-- Login -->
        <test-method signature="Testcase01()[pri:0, instance:com.orangehrmtestcase.Testcase1@158da8e]" started-at="2024-05-27T09:41:31 IST" name="Testcase01" finished-at="2024-05-27T09:41:38 IST" duration-ms="7278" status="PASS">
          <reporter-output>
          </reporter-output>
        </test-method> <!-- Testcase01 -->
        <test-method is-config="true" signature="logout()[pri:0, instance:com.orangehrmtestcase.Testcase1@158da8e]" started-at="2024-05-27T09:41:38 IST" name="logout" finished-at="2024-05-27T09:41:38 IST" duration-ms="1" status="PASS">
          <reporter-output>
          </reporter-output>
        </test-method> <!-- logout -->
        <test-method is-config="true" signature="closebrowser()[pri:0, instance:com.orangehrmtestcase.Testcase1@158da8e]" started-at="2024-05-27T09:41:38 IST" name="closebrowser" finished-at="2024-05-27T09:41:38 IST" duration-ms="0" status="PASS">
          <reporter-output>
          </reporter-output>
        </test-method> <!-- closebrowser -->
      </class> <!-- com.orangehrmtestcase.Testcase1 -->
    </test> <!-- Default test -->
  </suite> <!-- Default suite -->
</testng-results>
